[1.007s] Invoking command in '/home/jyunta/ros2_ws/src/mypkg': PYTHONPATH=/home/jyunta/ros2_ws/src/mypkg/build/mypkg/prefix_override:/usr/lib/python3/dist-packages/colcon_core/task/python/colcon_distutils_commands:/home/jyunta/ros2_ws/src/mypkg/install/mypkg/lib/python3.8/site-packages:${PYTHONPATH} /usr/bin/python3 -W ignore:setup.py install is deprecated setup.py egg_info --egg-base build/mypkg build --build-base /home/jyunta/ros2_ws/src/mypkg/build/mypkg/build install --record /home/jyunta/ros2_ws/src/mypkg/build/mypkg/install.log --install-scripts $base/lib/mypkg --single-version-externally-managed install_data
[1.253s] running egg_info
[1.254s] writing build/mypkg/mypkg.egg-info/PKG-INFO
[1.257s] writing dependency_links to build/mypkg/mypkg.egg-info/dependency_links.txt
[1.257s] writing entry points to build/mypkg/mypkg.egg-info/entry_points.txt
[1.257s] writing requirements to build/mypkg/mypkg.egg-info/requires.txt
[1.257s] writing top-level names to build/mypkg/mypkg.egg-info/top_level.txt
[1.336s] reading manifest file 'build/mypkg/mypkg.egg-info/SOURCES.txt'
[1.339s] writing manifest file 'build/mypkg/mypkg.egg-info/SOURCES.txt'
[1.340s] running build
[1.340s] running build_py
[1.341s] running install
[1.341s] running install_lib
[1.344s] running install_data
[1.344s] running install_egg_info
[1.346s] removing '/home/jyunta/ros2_ws/src/mypkg/install/mypkg/lib/python3.8/site-packages/mypkg-0.0.0-py3.8.egg-info' (and everything under it)
[1.347s] Copying build/mypkg/mypkg.egg-info to /home/jyunta/ros2_ws/src/mypkg/install/mypkg/lib/python3.8/site-packages/mypkg-0.0.0-py3.8.egg-info
[1.348s] running install_scripts
[1.363s] Installing listener script to /home/jyunta/ros2_ws/src/mypkg/install/mypkg/lib/mypkg
[1.363s] Installing talker script to /home/jyunta/ros2_ws/src/mypkg/install/mypkg/lib/mypkg
[1.364s] writing list of installed files to '/home/jyunta/ros2_ws/src/mypkg/build/mypkg/install.log'
[1.378s] Invoked command in '/home/jyunta/ros2_ws/src/mypkg' returned '0': PYTHONPATH=/home/jyunta/ros2_ws/src/mypkg/build/mypkg/prefix_override:/usr/lib/python3/dist-packages/colcon_core/task/python/colcon_distutils_commands:/home/jyunta/ros2_ws/src/mypkg/install/mypkg/lib/python3.8/site-packages:${PYTHONPATH} /usr/bin/python3 -W ignore:setup.py install is deprecated setup.py egg_info --egg-base build/mypkg build --build-base /home/jyunta/ros2_ws/src/mypkg/build/mypkg/build install --record /home/jyunta/ros2_ws/src/mypkg/build/mypkg/install.log --install-scripts $base/lib/mypkg --single-version-externally-managed install_data
