[0.631s] Invoking command in '/home/jyunta/ros2_ws/src/mypkg': PYTHONPATH=/home/jyunta/ros2_ws/src/mypkg/build/mypkg/prefix_override:/usr/lib/python3/dist-packages/colcon_core/task/python/colcon_distutils_commands:/home/jyunta/ros2_ws/src/mypkg/install/mypkg/lib/python3.8/site-packages:${PYTHONPATH} /usr/bin/python3 -W ignore:setup.py install is deprecated setup.py egg_info --egg-base build/mypkg build --build-base /home/jyunta/ros2_ws/src/mypkg/build/mypkg/build install --record /home/jyunta/ros2_ws/src/mypkg/build/mypkg/install.log --install-scripts $base/lib/mypkg --single-version-externally-managed install_data
[0.787s] running egg_info
[0.787s] creating build/mypkg/mypkg.egg-info
[0.787s] writing build/mypkg/mypkg.egg-info/PKG-INFO
[0.787s] writing dependency_links to build/mypkg/mypkg.egg-info/dependency_links.txt
[0.788s] writing entry points to build/mypkg/mypkg.egg-info/entry_points.txt
[0.788s] writing requirements to build/mypkg/mypkg.egg-info/requires.txt
[0.788s] writing top-level names to build/mypkg/mypkg.egg-info/top_level.txt
[0.793s] writing manifest file 'build/mypkg/mypkg.egg-info/SOURCES.txt'
[0.821s] reading manifest file 'build/mypkg/mypkg.egg-info/SOURCES.txt'
[0.821s] writing manifest file 'build/mypkg/mypkg.egg-info/SOURCES.txt'
[0.822s] running build
[0.822s] running build_py
[0.823s] creating /home/jyunta/ros2_ws/src/mypkg/build/mypkg/build
[0.823s] creating /home/jyunta/ros2_ws/src/mypkg/build/mypkg/build/lib
[0.823s] creating /home/jyunta/ros2_ws/src/mypkg/build/mypkg/build/lib/mypkg
[0.823s] copying mypkg/talker.py -> /home/jyunta/ros2_ws/src/mypkg/build/mypkg/build/lib/mypkg
[0.824s] copying mypkg/__init__.py -> /home/jyunta/ros2_ws/src/mypkg/build/mypkg/build/lib/mypkg
[0.824s] copying mypkg/listener.py -> /home/jyunta/ros2_ws/src/mypkg/build/mypkg/build/lib/mypkg
[0.825s] running install
[0.826s] running install_lib
[0.827s] creating /home/jyunta/ros2_ws/src/mypkg/install/mypkg/lib/python3.8/site-packages/mypkg
[0.827s] copying /home/jyunta/ros2_ws/src/mypkg/build/mypkg/build/lib/mypkg/talker.py -> /home/jyunta/ros2_ws/src/mypkg/install/mypkg/lib/python3.8/site-packages/mypkg
[0.827s] copying /home/jyunta/ros2_ws/src/mypkg/build/mypkg/build/lib/mypkg/__init__.py -> /home/jyunta/ros2_ws/src/mypkg/install/mypkg/lib/python3.8/site-packages/mypkg
[0.827s] copying /home/jyunta/ros2_ws/src/mypkg/build/mypkg/build/lib/mypkg/listener.py -> /home/jyunta/ros2_ws/src/mypkg/install/mypkg/lib/python3.8/site-packages/mypkg
[0.827s] byte-compiling /home/jyunta/ros2_ws/src/mypkg/install/mypkg/lib/python3.8/site-packages/mypkg/talker.py to talker.cpython-38.pyc
[0.829s] byte-compiling /home/jyunta/ros2_ws/src/mypkg/install/mypkg/lib/python3.8/site-packages/mypkg/__init__.py to __init__.cpython-38.pyc
[0.830s] byte-compiling /home/jyunta/ros2_ws/src/mypkg/install/mypkg/lib/python3.8/site-packages/mypkg/listener.py to listener.cpython-38.pyc
[0.830s] running install_data
[0.830s] creating /home/jyunta/ros2_ws/src/mypkg/install/mypkg/share/ament_index
[0.830s] creating /home/jyunta/ros2_ws/src/mypkg/install/mypkg/share/ament_index/resource_index
[0.830s] creating /home/jyunta/ros2_ws/src/mypkg/install/mypkg/share/ament_index/resource_index/packages
[0.830s] copying resource/mypkg -> /home/jyunta/ros2_ws/src/mypkg/install/mypkg/share/ament_index/resource_index/packages
[0.830s] copying package.xml -> /home/jyunta/ros2_ws/src/mypkg/install/mypkg/share/mypkg
[0.830s] copying launch/talk_listen.launch.py -> /home/jyunta/ros2_ws/src/mypkg/install/mypkg/share/mypkg
[0.830s] running install_egg_info
[0.832s] Copying build/mypkg/mypkg.egg-info to /home/jyunta/ros2_ws/src/mypkg/install/mypkg/lib/python3.8/site-packages/mypkg-0.0.0-py3.8.egg-info
[0.833s] running install_scripts
[0.845s] Installing listener script to /home/jyunta/ros2_ws/src/mypkg/install/mypkg/lib/mypkg
[0.845s] Installing talker script to /home/jyunta/ros2_ws/src/mypkg/install/mypkg/lib/mypkg
[0.846s] writing list of installed files to '/home/jyunta/ros2_ws/src/mypkg/build/mypkg/install.log'
[0.865s] Invoked command in '/home/jyunta/ros2_ws/src/mypkg' returned '0': PYTHONPATH=/home/jyunta/ros2_ws/src/mypkg/build/mypkg/prefix_override:/usr/lib/python3/dist-packages/colcon_core/task/python/colcon_distutils_commands:/home/jyunta/ros2_ws/src/mypkg/install/mypkg/lib/python3.8/site-packages:${PYTHONPATH} /usr/bin/python3 -W ignore:setup.py install is deprecated setup.py egg_info --egg-base build/mypkg build --build-base /home/jyunta/ros2_ws/src/mypkg/build/mypkg/build install --record /home/jyunta/ros2_ws/src/mypkg/build/mypkg/install.log --install-scripts $base/lib/mypkg --single-version-externally-managed install_data
